current directory: /app/.bundle/gems/rbs-3.5.1/ext/rbs_extension
/usr/local/bin/ruby extconf.rb
checking for whether -std=gnu99 is accepted as CFLAGS... yes
creating Makefile

current directory: /app/.bundle/gems/rbs-3.5.1/ext/rbs_extension
make DESTDIR\= sitearchdir\=./.gem.20240613-3103-wim5n8 sitelibdir\=./.gem.20240613-3103-wim5n8 clean

current directory: /app/.bundle/gems/rbs-3.5.1/ext/rbs_extension
make DESTDIR\= sitearchdir\=./.gem.20240613-3103-wim5n8 sitelibdir\=./.gem.20240613-3103-wim5n8
compiling constants.c
compiling lexer.c
compiling lexstate.c
compiling location.c
compiling main.c
compiling parser.c
compiling parserstate.c
compiling ruby_objs.c
compiling unescape.c
linking shared-object rbs_extension.so

current directory: /app/.bundle/gems/rbs-3.5.1/ext/rbs_extension
make DESTDIR\= sitearchdir\=./.gem.20240613-3103-wim5n8 sitelibdir\=./.gem.20240613-3103-wim5n8 install
/usr/bin/install -c -m 0755 rbs_extension.so ./.gem.20240613-3103-wim5n8

current directory: /app/.bundle/gems/rbs-3.5.1/ext/rbs_extension
make DESTDIR\= sitearchdir\=./.gem.20240613-3103-wim5n8 sitelibdir\=./.gem.20240613-3103-wim5n8 clean
