current directory: /app/.bundle/gems/byebug-11.1.3/ext/byebug
/usr/local/bin/ruby extconf.rb
creating Makefile

current directory: /app/.bundle/gems/byebug-11.1.3/ext/byebug
make DESTDIR\= sitearchdir\=./.gem.20240612-6-p298x5 sitelibdir\=./.gem.20240612-6-p298x5 clean
make: Warning: File 'Makefile' has modification time 0.0026 s in the future
make: warning:  Clock skew detected.  Your build may be incomplete.

current directory: /app/.bundle/gems/byebug-11.1.3/ext/byebug
make DESTDIR\= sitearchdir\=./.gem.20240612-6-p298x5 sitelibdir\=./.gem.20240612-6-p298x5
compiling breakpoint.c
compiling byebug.c
byebug.c: In function ‘check_started’:
byebug.c:69:1: warning: old-style function definition [-Wold-style-definition]
   69 | check_started()
      | ^~~~~~~~~~~~~
byebug.c: In function ‘Init_byebug’:
byebug.c:865:1: warning: old-style function definition [-Wold-style-definition]
  865 | Init_byebug()
      | ^~~~~~~~~~~
byebug.c: At top level:
cc1: note: unrecognized command-line option ‘-Wno-self-assign’ may have been intended to silence earlier diagnostics
cc1: note: unrecognized command-line option ‘-Wno-parentheses-equality’ may have been intended to silence earlier diagnostics
cc1: note: unrecognized command-line option ‘-Wno-constant-logical-operand’ may have been intended to silence earlier diagnostics
compiling context.c
compiling locker.c
locker.c: In function ‘byebug_pop_from_locked’:
locker.c:53:1: warning: old-style function definition [-Wold-style-definition]
   53 | byebug_pop_from_locked()
      | ^~~~~~~~~~~~~~~~~~~~~~
locker.c: At top level:
cc1: note: unrecognized command-line option ‘-Wno-self-assign’ may have been intended to silence earlier diagnostics
cc1: note: unrecognized command-line option ‘-Wno-parentheses-equality’ may have been intended to silence earlier diagnostics
cc1: note: unrecognized command-line option ‘-Wno-constant-logical-operand’ may have been intended to silence earlier diagnostics
compiling threads.c
linking shared-object byebug/byebug.so

current directory: /app/.bundle/gems/byebug-11.1.3/ext/byebug
make DESTDIR\= sitearchdir\=./.gem.20240612-6-p298x5 sitelibdir\=./.gem.20240612-6-p298x5 install
make: Warning: File 'byebug.so' has modification time 0.0015 s in the future
/usr/bin/install -c -m 0755 byebug.so ./.gem.20240612-6-p298x5/byebug
make: warning:  Clock skew detected.  Your build may be incomplete.

current directory: /app/.bundle/gems/byebug-11.1.3/ext/byebug
make DESTDIR\= sitearchdir\=./.gem.20240612-6-p298x5 sitelibdir\=./.gem.20240612-6-p298x5 clean
