current directory: /app/.bundle/gems/websocket-driver-0.7.5/ext/websocket-driver
/usr/local/bin/ruby extconf.rb
creating Makefile

current directory: /app/.bundle/gems/websocket-driver-0.7.5/ext/websocket-driver
make DESTDIR\= sitearchdir\=./.gem.20240612-6-46pslk sitelibdir\=./.gem.20240612-6-46pslk clean
make: Warning: File 'Makefile' has modification time 0.0035 s in the future
make: warning:  Clock skew detected.  Your build may be incomplete.

current directory: /app/.bundle/gems/websocket-driver-0.7.5/ext/websocket-driver
make DESTDIR\= sitearchdir\=./.gem.20240612-6-46pslk sitelibdir\=./.gem.20240612-6-46pslk
compiling websocket_mask.c
websocket_mask.c: In function ‘Init_websocket_mask’:
websocket_mask.c:26:6: warning: old-style function definition [-Wold-style-definition]
   26 | void Init_websocket_mask()
      |      ^~~~~~~~~~~~~~~~~~~
websocket_mask.c: At top level:
cc1: note: unrecognized command-line option ‘-Wno-self-assign’ may have been intended to silence earlier diagnostics
cc1: note: unrecognized command-line option ‘-Wno-parentheses-equality’ may have been intended to silence earlier diagnostics
cc1: note: unrecognized command-line option ‘-Wno-constant-logical-operand’ may have been intended to silence earlier diagnostics
linking shared-object websocket_mask.so

current directory: /app/.bundle/gems/websocket-driver-0.7.5/ext/websocket-driver
make DESTDIR\= sitearchdir\=./.gem.20240612-6-46pslk sitelibdir\=./.gem.20240612-6-46pslk install
make: Warning: File 'websocket_mask.so' has modification time 0.0061 s in the future
/usr/bin/install -c -m 0755 websocket_mask.so ./.gem.20240612-6-46pslk
make: warning:  Clock skew detected.  Your build may be incomplete.

current directory: /app/.bundle/gems/websocket-driver-0.7.5/ext/websocket-driver
make DESTDIR\= sitearchdir\=./.gem.20240612-6-46pslk sitelibdir\=./.gem.20240612-6-46pslk clean
