current directory: /app/.bundle/gems/jaro_winkler-1.5.6/ext/jaro_winkler
/usr/local/bin/ruby extconf.rb
creating Makefile

current directory: /app/.bundle/gems/jaro_winkler-1.5.6/ext/jaro_winkler
make DESTDIR\= sitearchdir\=./.gem.20240612-6-bz70uz sitelibdir\=./.gem.20240612-6-bz70uz clean
make: Warning: File 'Makefile' has modification time 0.0052 s in the future
make: warning:  Clock skew detected.  Your build may be incomplete.

current directory: /app/.bundle/gems/jaro_winkler-1.5.6/ext/jaro_winkler
make DESTDIR\= sitearchdir\=./.gem.20240612-6-bz70uz sitelibdir\=./.gem.20240612-6-bz70uz
make: Warning: File 'Makefile' has modification time 0.00012 s in the future
compiling adj_matrix.c
adj_matrix.c: In function ‘adj_matrix_default’:
adj_matrix.c:82:12: warning: old-style function definition [-Wold-style-definition]
   82 | AdjMatrix *adj_matrix_default() {
      |            ^~~~~~~~~~~~~~~~~~
adj_matrix.c: At top level:
cc1: note: unrecognized command-line option ‘-Wno-self-assign’ may have been intended to silence earlier diagnostics
cc1: note: unrecognized command-line option ‘-Wno-parentheses-equality’ may have been intended to silence earlier diagnostics
cc1: note: unrecognized command-line option ‘-Wno-constant-logical-operand’ may have been intended to silence earlier diagnostics
compiling codepoints.c
compiling jaro.c
compiling jaro_winkler.c
linking shared-object jaro_winkler/jaro_winkler_ext.so
make: warning:  Clock skew detected.  Your build may be incomplete.

current directory: /app/.bundle/gems/jaro_winkler-1.5.6/ext/jaro_winkler
make DESTDIR\= sitearchdir\=./.gem.20240612-6-bz70uz sitelibdir\=./.gem.20240612-6-bz70uz install
make: Warning: File 'jaro_winkler_ext.so' has modification time 0.0046 s in the future
/usr/bin/install -c -m 0755 jaro_winkler_ext.so ./.gem.20240612-6-bz70uz/jaro_winkler
make: warning:  Clock skew detected.  Your build may be incomplete.

current directory: /app/.bundle/gems/jaro_winkler-1.5.6/ext/jaro_winkler
make DESTDIR\= sitearchdir\=./.gem.20240612-6-bz70uz sitelibdir\=./.gem.20240612-6-bz70uz clean
