current directory: /app/.bundle/gems/puma-3.12.6/ext/puma_http11
/usr/local/bin/ruby extconf.rb
checking for BIO_read() in -lcrypto... yes
checking for SSL_CTX_new() in -lssl... yes
checking for openssl/bio.h... yes
creating Makefile

current directory: /app/.bundle/gems/puma-3.12.6/ext/puma_http11
make DESTDIR\= sitearchdir\=./.gem.20240612-6-25r3sa sitelibdir\=./.gem.20240612-6-25r3sa clean

current directory: /app/.bundle/gems/puma-3.12.6/ext/puma_http11
make DESTDIR\= sitearchdir\=./.gem.20240612-6-25r3sa sitelibdir\=./.gem.20240612-6-25r3sa
compiling http11_parser.c
ext/puma_http11/http11_parser.c: In function ‘puma_parser_execute’:
ext/puma_http11/http11_parser.c:497:19: warning: comparison is always true due to limited range of data type [-Wtype-limits]
ext/puma_http11/http11_parser.c:518:19: warning: comparison is always true due to limited range of data type [-Wtype-limits]
ext/puma_http11/http11_parser.c:563:9: warning: comparison is always true due to limited range of data type [-Wtype-limits]
ext/puma_http11/http11_parser.c:585:9: warning: comparison is always true due to limited range of data type [-Wtype-limits]
ext/puma_http11/http11_parser.c:608:9: warning: comparison is always true due to limited range of data type [-Wtype-limits]
ext/puma_http11/http11_parser.c:630:9: warning: comparison is always true due to limited range of data type [-Wtype-limits]
ext/puma_http11/http11_parser.c:650:9: warning: comparison is always true due to limited range of data type [-Wtype-limits]
ext/puma_http11/http11_parser.rl: At top level:
cc1: note: unrecognized command-line option ‘-Wno-self-assign’ may have been intended to silence earlier diagnostics
cc1: note: unrecognized command-line option ‘-Wno-parentheses-equality’ may have been intended to silence earlier diagnostics
cc1: note: unrecognized command-line option ‘-Wno-constant-logical-operand’ may have been intended to silence earlier diagnostics
compiling io_buffer.c
compiling mini_ssl.c
mini_ssl.c: In function ‘get_dh1024’:
mini_ssl.c:65:5: warning: old-style function definition [-Wold-style-definition]
   65 | DH *get_dh1024() {
      |     ^~~~~~~~~~
mini_ssl.c: In function ‘engine_init_client’:
mini_ssl.c:220:3: warning: ‘DTLSv1_method’ is deprecated [-Wdeprecated-declarations]
  220 |   conn->ctx = SSL_CTX_new(DTLSv1_method());
      |   ^~~~
In file included from /usr/include/openssl/e_os2.h:13,
                 from /usr/include/openssl/bio.h:13,
                 from mini_ssl.c:14:
/usr/include/openssl/ssl.h:1905:1: note: declared here
 1905 | DEPRECATEDIN_1_1_0(__owur const SSL_METHOD *DTLSv1_method(void)) /* DTLSv1.0 */
      | ^~~~~~~~~~~~~~~~~~
mini_ssl.c: In function ‘raise_error’:
mini_ssl.c:250:6: warning: function might be candidate for attribute ‘noreturn’ [-Wsuggest-attribute=noreturn]
  250 | void raise_error(SSL* ssl, int result) {
      |      ^~~~~~~~~~~
mini_ssl.c: At top level:
cc1: note: unrecognized command-line option ‘-Wno-self-assign’ may have been intended to silence earlier diagnostics
cc1: note: unrecognized command-line option ‘-Wno-parentheses-equality’ may have been intended to silence earlier diagnostics
cc1: note: unrecognized command-line option ‘-Wno-constant-logical-operand’ may have been intended to silence earlier diagnostics
compiling puma_http11.c
puma_http11.c: In function ‘Init_puma_http11’:
puma_http11.c:471:6: warning: old-style function definition [-Wold-style-definition]
  471 | void Init_puma_http11()
      |      ^~~~~~~~~~~~~~~~
puma_http11.c: At top level:
cc1: note: unrecognized command-line option ‘-Wno-self-assign’ may have been intended to silence earlier diagnostics
cc1: note: unrecognized command-line option ‘-Wno-parentheses-equality’ may have been intended to silence earlier diagnostics
cc1: note: unrecognized command-line option ‘-Wno-constant-logical-operand’ may have been intended to silence earlier diagnostics
linking shared-object puma/puma_http11.so

current directory: /app/.bundle/gems/puma-3.12.6/ext/puma_http11
make DESTDIR\= sitearchdir\=./.gem.20240612-6-25r3sa sitelibdir\=./.gem.20240612-6-25r3sa install
make: Warning: File 'puma_http11.so' has modification time 8.9e-05 s in the future
/usr/bin/install -c -m 0755 puma_http11.so ./.gem.20240612-6-25r3sa/puma
make: warning:  Clock skew detected.  Your build may be incomplete.

current directory: /app/.bundle/gems/puma-3.12.6/ext/puma_http11
make DESTDIR\= sitearchdir\=./.gem.20240612-6-25r3sa sitelibdir\=./.gem.20240612-6-25r3sa clean
