current directory: /app/.bundle/gems/psych-3.3.4/ext/psych
/usr/local/bin/ruby extconf.rb
checking for yaml.h... yes
checking for yaml_get_version() in -lyaml... yes
creating Makefile

current directory: /app/.bundle/gems/psych-3.3.4/ext/psych
make DESTDIR\= sitearchdir\=./.gem.20240612-6-lzkxqt sitelibdir\=./.gem.20240612-6-lzkxqt clean
make: Warning: File 'Makefile' has modification time 0.0033 s in the future
make: warning:  Clock skew detected.  Your build may be incomplete.

current directory: /app/.bundle/gems/psych-3.3.4/ext/psych
make DESTDIR\= sitearchdir\=./.gem.20240612-6-lzkxqt sitelibdir\=./.gem.20240612-6-lzkxqt
compiling psych.c
compiling psych_emitter.c
compiling psych_parser.c
compiling psych_to_ruby.c
compiling psych_yaml_tree.c
linking shared-object psych.so

current directory: /app/.bundle/gems/psych-3.3.4/ext/psych
make DESTDIR\= sitearchdir\=./.gem.20240612-6-lzkxqt sitelibdir\=./.gem.20240612-6-lzkxqt install
/usr/bin/install -c -m 0755 psych.so ./.gem.20240612-6-lzkxqt

current directory: /app/.bundle/gems/psych-3.3.4/ext/psych
make DESTDIR\= sitearchdir\=./.gem.20240612-6-lzkxqt sitelibdir\=./.gem.20240612-6-lzkxqt clean
